<?xml version="1.0" encoding="UTF-8"?>
<testsuite name="com.mikepoirier.java101.helloworld.HelloWorldTest" tests="1" skipped="0" failures="0" errors="0" timestamp="2016-04-16T15:55:12" hostname="arch" time="0.003">
  <properties/>
  <testcase name="helloWorld_returnsGreetingBasedOnName" classname="com.mikepoirier.java101.helloworld.HelloWorldTest" time="0.003"/>
  <system-out><![CDATA[]]></system-out>
  <system-err><![CDATA[]]></system-err>
</testsuite>
